<?xml version="1.0" encoding="UTF-8"?>
<!-- Generated by org.testng.reporters.JUnitReportReporter -->
<testsuite hostname="LAPTOP-PIV5FN12" failures="0" tests="6" name="cts.automation.courseraWebAutomation.execute.TestCases" time="288.421" errors="0" timestamp="2020-06-20T11:38:44 IST" skipped="0">
  <testcase classname="cts.automation.courseraWebAutomation.execute.TestCases" name="coursesSearched" time="80.439"/>
  <system-out/>
  <testcase classname="cts.automation.courseraWebAutomation.execute.TestCases" name="coursesSearched" time="71.858"/>
  <system-out/>
  <testcase classname="cts.automation.courseraWebAutomation.execute.TestCases" name="totalCourses" time="24.923"/>
  <system-out/>
  <testcase classname="cts.automation.courseraWebAutomation.execute.TestCases" name="totalCourses" time="29.098"/>
  <system-out/>
  <testcase classname="cts.automation.courseraWebAutomation.execute.TestCases" name="errorMessage" time="41.004"/>
  <system-out/>
  <testcase classname="cts.automation.courseraWebAutomation.execute.TestCases" name="errorMessage" time="41.099"/>
  <system-out/>
</testsuite> <!-- cts.automation.courseraWebAutomation.execute.TestCases -->
