<?xml version="1.0" encoding="UTF-8"?>
<!-- Generated by org.testng.reporters.JUnitReportReporter -->
<testsuite hostname="LAPTOP-PIV5FN12" failures="0" tests="6" name="cts.automation.courseraWebAutomation.execute.TestCases" time="288.712" errors="0" timestamp="2020-06-16T12:27:57 IST" skipped="0">
  <testcase classname="cts.automation.courseraWebAutomation.execute.TestCases" name="coursesSearched" time="73.956"/>
  <system-out/>
  <testcase classname="cts.automation.courseraWebAutomation.execute.TestCases" name="coursesSearched" time="72.349"/>
  <system-out/>
  <testcase classname="cts.automation.courseraWebAutomation.execute.TestCases" name="totalCourses" time="25.906"/>
  <system-out/>
  <testcase classname="cts.automation.courseraWebAutomation.execute.TestCases" name="totalCourses" time="30.015"/>
  <system-out/>
  <testcase classname="cts.automation.courseraWebAutomation.execute.TestCases" name="errorMessage" time="43.579"/>
  <system-out/>
  <testcase classname="cts.automation.courseraWebAutomation.execute.TestCases" name="errorMessage" time="42.907"/>
  <system-out/>
</testsuite> <!-- cts.automation.courseraWebAutomation.execute.TestCases -->
