<?xml version="1.0" encoding="UTF-8"?>
<!-- Generated by org.testng.reporters.JUnitReportReporter -->
<testsuite hostname="LAPTOP-PIV5FN12" failures="0" tests="3" name="cts.automation.courseraWebAutomation.execute.TestCases" time="129.579" errors="0" timestamp="2020-06-12T21:46:25 IST" skipped="0">
  <testcase classname="cts.automation.courseraWebAutomation.execute.TestCases" name="coursesSearched" time="61.898"/>
  <system-out/>
  <testcase classname="cts.automation.courseraWebAutomation.execute.TestCases" name="totalCourses" time="26.136"/>
  <system-out/>
  <testcase classname="cts.automation.courseraWebAutomation.execute.TestCases" name="errorMessage" time="41.545"/>
  <system-out/>
</testsuite> <!-- cts.automation.courseraWebAutomation.execute.TestCases -->
