<?xml version="1.0" encoding="UTF-8"?>
<!-- Generated by org.testng.reporters.JUnitReportReporter -->
<testsuite hostname="LAPTOP-PIV5FN12" failures="0" tests="3" name="cts.automation.courseraWebAutomation.execute.TestCases" time="131.396" errors="0" timestamp="2020-06-13T23:38:26 IST" skipped="0">
  <testcase classname="cts.automation.courseraWebAutomation.execute.TestCases" name="coursesSearched" time="59.886"/>
  <system-out/>
  <testcase classname="cts.automation.courseraWebAutomation.execute.TestCases" name="totalCourses" time="26.821"/>
  <system-out/>
  <testcase classname="cts.automation.courseraWebAutomation.execute.TestCases" name="errorMessage" time="44.689"/>
  <system-out/>
</testsuite> <!-- cts.automation.courseraWebAutomation.execute.TestCases -->
